\BOOKMARK [1][-]{section.1}{\376\377\001\056\000v\000a\000d\000a\000s}{}% 1
\BOOKMARK [1][-]{section.2}{\376\377\000P\000a\000s\000i\000r\000i\000n\000k\000t\001\163\000\040\000m\001\027\000g\000i\000n\000i\001\163\000\040\000c\000h\000a\000r\000a\000k\000t\000e\000r\000i\000s\000t\000i\000k\000a}{}% 2
\BOOKMARK [1][-]{section.3}{\376\377\000S\000i\000n\000t\000e\000n\000i\000j\000o\000s\000\040\000b\000l\000o\000k\000a\000i\000\040\000i\000r\000\040\000j\001\163\000\040\000n\000u\000s\000t\000a\000t\000y\000m\000o\000\040\000m\000e\000t\000o\000d\000a\000i}{}% 3
\BOOKMARK [2][-]{subsection.3.1}{\376\377\000S\000i\000n\000t\000e\000n\000i\000j\000o\000s\000\040\000b\000l\000o\000k\000o\000\040\000a\000p\000i\000b\001\153\000d\000i\000n\000i\000m\000a\000s}{section.3}% 4
\BOOKMARK [2][-]{subsection.3.2}{\376\377\000I\000d\000e\000n\000t\000i\000f\000i\000k\000a\000v\000i\000m\000o\000\040\000m\000e\000t\000o\000d\000a\000i}{section.3}% 5
\BOOKMARK [3][-]{subsubsection.3.2.1}{\376\377\000G\000i\000m\000i\000n\000i\000n\000g\001\163\000\040\000o\000r\000g\000a\000n\000i\000z\000m\001\163\000\040\000g\000e\000n\000o\000m\001\163\000\040\000l\000y\000g\000i\000n\000i\000m\000a\000s}{subsection.3.2}% 6
\BOOKMARK [3][-]{subsubsection.3.2.2}{\376\377\000M\000a\001\176\000a\000i\000\040\000g\000i\000m\000i\000n\000i\000n\000g\001\163\000\040\000a\000r\000b\000a\000\040\000n\000e\000g\000i\000m\000i\000n\000i\000n\000g\001\163\000\040\000o\000r\000g\000a\000n\000i\000z\000m\001\163\000\040\000g\000e\000n\000o\000m\001\163\000\040\000l\000y\000g\000i\000n\000i\000m\000a\000s}{subsection.3.2}% 7
\BOOKMARK [1][-]{section.4}{\376\377\000T\000y\000r\000i\000m\000o\000\040\000m\000e\000t\000o\000d\000a\000i}{}% 8
\BOOKMARK [2][-]{subsection.4.1}{\376\377\000S\000i\000n\000t\000e\000n\000i\000j\000o\000s\000\040\000b\000l\000o\000k\001\163\000\040\000n\000u\000s\000t\000a\000t\000y\000m\000a\000s\000\040\000i\000r\000\040\000v\000i\000z\000u\000a\000l\000i\000z\000a\000v\000i\000m\000a\000s}{section.4}% 9
\BOOKMARK [2][-]{subsection.4.2}{\376\377\000S\000i\000n\000t\000e\000n\000i\000j\000o\000s\000\040\000b\000l\000o\000k\001\163\000\040\000p\000o\000z\000i\000c\000i\000j\001\163\000\040\000g\000a\000v\000i\000m\000a\000s}{section.4}% 10
\BOOKMARK [2][-]{subsection.4.3}{\376\377\000S\000i\000n\000t\000e\000n\000i\000j\000o\000s\000\040\000b\000l\000o\000k\001\163\000\040\000p\000e\000r\000s\000i\000d\000e\000n\000g\000i\000m\000a\000s\000\040\000s\000u\000\040\000p\000i\000k\000a\000i\000s}{section.4}% 11
\BOOKMARK [2][-]{subsection.4.4}{\376\377\000P\000i\000k\001\163\000\040\000a\000n\000o\000t\000a\000v\000i\000m\000a\000s}{section.4}% 12
\BOOKMARK [2][-]{subsection.4.5}{\376\377\000P\000e\000r\000s\000i\000d\000e\000n\000g\000i\000a\000n\001\015\000i\001\163\000\040\000g\000e\000n\001\163\000\040\000n\000u\000s\000t\000a\000t\000y\000m\000a\000s}{section.4}% 13
\BOOKMARK [1][-]{section.5}{\376\377\000N\000a\000u\000d\000o\000t\001\163\000\040\001\057\000r\000a\000n\000k\000i\001\163\000\040\000m\000e\000t\000o\000d\001\163\000\040\000a\000p\000r\000a\001\141\000y\000m\000a\000s}{}% 14
\BOOKMARK [2][-]{subsection.5.1}{\376\377\000C\000i\000n\000t\000e\000n\000y\000\040\001\057\000r\000a\000n\000k\000i\000o\000\040\000m\000e\000t\000o\000d\000a\000s}{section.5}% 15
\BOOKMARK [1][-]{section.6}{\376\377\000R\000e\000z\000u\000l\000t\000a\000t\000a\000i\000\040\000i\000r\000\040\000j\001\163\000\040\000a\000p\000t\000a\000r\000i\000m\000a\000s}{}% 16
\BOOKMARK [2][-]{subsection.6.1}{\376\377\000S\000i\000n\000t\000e\000n\000i\000j\000o\000s\000\040\000b\000l\000o\000k\001\163\000\040\000n\000u\000s\000t\000a\000t\000y\000m\000a\000s\000\040\000i\000r\000\040\000v\000i\000z\000u\000a\000l\000i\000z\000a\000v\000i\000m\000a\000s}{section.6}% 17
\BOOKMARK [2][-]{subsection.6.2}{\376\377\000S\000i\000n\000t\000e\000n\000i\000j\000o\000s\000\040\000b\000l\000o\000k\001\163\000\040\000p\000a\000s\000i\000s\000k\000i\000r\000s\000t\000y\000m\000a\000s\000\040\000c\000h\000r\000o\000m\000o\000s\000o\000m\000o\000s\000e}{section.6}% 18
\BOOKMARK [1][-]{section.7}{\376\377\000I\001\141\000v\000a\000d\000o\000s}{}% 19
\BOOKMARK [1][-]{section.8}{\376\377\000P\000r\000i\000e\000d\000a\000s}{}% 20
